[2015-01-20 10:30:28] request.ERROR: Uncaught PHP Exception Symfony\Component\HttpKernel\Exception\NotFoundHttpException: "No route found for "GET /demo" (from "http://openclassrooms.com/courses/developpez-votre-site-web-avec-le-framework-symfony2/vous-avez-dit-symfony2")" at C:\wamp\www\Symfony\vendor\symfony\symfony\src\Symfony\Component\HttpKernel\EventListener\RouterListener.php line 145 {"exception":"[object] (Symfony\\Component\\HttpKernel\\Exception\\NotFoundHttpException(code: 0): No route found for \"GET /demo\" (from \"http://openclassrooms.com/courses/developpez-votre-site-web-avec-le-framework-symfony2/vous-avez-dit-symfony2\") at C:\\wamp\\www\\Symfony\\vendor\\symfony\\symfony\\src\\Symfony\\Component\\HttpKernel\\EventListener\\RouterListener.php:145, Symfony\\Component\\Routing\\Exception\\ResourceNotFoundException(code: 0):  at C:\\wamp\\www\\Symfony\\app\\cache\\prod\\appProdUrlMatcher.php:35)"} []
[2015-02-04 10:00:06] request.ERROR: Uncaught PHP Exception Symfony\Component\HttpKernel\Exception\NotFoundHttpException: "No route found for "GET /fr/platfor"" at C:\wamp\www\Symfony\app\cache\prod\classes.php line 2420 {"exception":"[object] (Symfony\\Component\\HttpKernel\\Exception\\NotFoundHttpException(code: 0): No route found for \"GET /fr/platfor\" at C:\\wamp\\www\\Symfony\\app\\cache\\prod\\classes.php:2420, Symfony\\Component\\Routing\\Exception\\ResourceNotFoundException(code: 0):  at C:\\wamp\\www\\Symfony\\app\\cache\\prod\\appProdUrlMatcher.php:227)"} []
[2015-02-04 10:00:43] request.ERROR: Uncaught PHP Exception Symfony\Component\HttpKernel\Exception\NotFoundHttpException: "No route found for "GET /fr/platfor"" at C:\wamp\www\Symfony\app\cache\prod\classes.php line 2420 {"exception":"[object] (Symfony\\Component\\HttpKernel\\Exception\\NotFoundHttpException(code: 0): No route found for \"GET /fr/platfor\" at C:\\wamp\\www\\Symfony\\app\\cache\\prod\\classes.php:2420, Symfony\\Component\\Routing\\Exception\\ResourceNotFoundException(code: 0):  at C:\\wamp\\www\\Symfony\\app\\cache\\prod\\appProdUrlMatcher.php:227)"} []
[2015-02-04 10:01:42] request.ERROR: Uncaught PHP Exception Symfony\Component\HttpKernel\Exception\NotFoundHttpException: "No route found for "GET /fr/platfor"" at C:\wamp\www\Symfony\app\cache\prod\classes.php line 2420 {"exception":"[object] (Symfony\\Component\\HttpKernel\\Exception\\NotFoundHttpException(code: 0): No route found for \"GET /fr/platfor\" at C:\\wamp\\www\\Symfony\\app\\cache\\prod\\classes.php:2420, Symfony\\Component\\Routing\\Exception\\ResourceNotFoundException(code: 0):  at C:\\wamp\\www\\Symfony\\app\\cache\\prod\\appProdUrlMatcher.php:227)"} []
[2015-02-04 10:01:53] request.ERROR: Uncaught PHP Exception Symfony\Component\HttpKernel\Exception\NotFoundHttpException: "No route found for "GET /platform" (from "http://localhost/symfony/web/app.php/fr/platform")" at C:\wamp\www\Symfony\app\cache\prod\classes.php line 2420 {"exception":"[object] (Symfony\\Component\\HttpKernel\\Exception\\NotFoundHttpException(code: 0): No route found for \"GET /platform\" (from \"http://localhost/symfony/web/app.php/fr/platform\") at C:\\wamp\\www\\Symfony\\app\\cache\\prod\\classes.php:2420, Symfony\\Component\\Routing\\Exception\\ResourceNotFoundException(code: 0):  at C:\\wamp\\www\\Symfony\\app\\cache\\prod\\appProdUrlMatcher.php:227)"} []
[2015-02-04 10:21:52] request.ERROR: Uncaught PHP Exception Symfony\Component\HttpKernel\Exception\NotFoundHttpException: "No route found for "GET /fr/platfor"" at C:\wamp\www\Symfony\app\cache\prod\classes.php line 2420 {"exception":"[object] (Symfony\\Component\\HttpKernel\\Exception\\NotFoundHttpException(code: 0): No route found for \"GET /fr/platfor\" at C:\\wamp\\www\\Symfony\\app\\cache\\prod\\classes.php:2420, Symfony\\Component\\Routing\\Exception\\ResourceNotFoundException(code: 0):  at C:\\wamp\\www\\Symfony\\app\\cache\\prod\\appProdUrlMatcher.php:227)"} []
[2015-02-04 10:21:52] event.DEBUG: Notified event "kernel.request" to listener "Symfony\Component\EventDispatcher\Debug\WrappedListener::__invoke". [] []
[2015-02-04 10:21:52] event.DEBUG: Notified event "kernel.request" to listener "Symfony\Component\EventDispatcher\Debug\WrappedListener::__invoke". [] []
[2015-02-04 10:21:52] event.DEBUG: Notified event "kernel.request" to listener "Symfony\Component\EventDispatcher\Debug\WrappedListener::__invoke". [] []
[2015-02-04 10:21:52] event.DEBUG: Notified event "kernel.request" to listener "Symfony\Component\EventDispatcher\Debug\WrappedListener::__invoke". [] []
[2015-02-04 10:21:52] event.DEBUG: Notified event "kernel.request" to listener "Symfony\Component\EventDispatcher\Debug\WrappedListener::__invoke". [] []
[2015-02-04 10:21:52] event.DEBUG: Notified event "kernel.request" to listener "Symfony\Component\EventDispatcher\Debug\WrappedListener::__invoke". [] []
[2015-02-04 10:21:52] event.DEBUG: Notified event "kernel.request" to listener "Symfony\Component\EventDispatcher\Debug\WrappedListener::__invoke". [] []
[2015-02-04 10:21:53] event.DEBUG: Notified event "kernel.controller" to listener "Sensio\Bundle\FrameworkExtraBundle\EventListener\ControllerListener::onKernelController". [] []
[2015-02-04 10:21:53] event.DEBUG: Notified event "kernel.controller" to listener "Sensio\Bundle\FrameworkExtraBundle\EventListener\ParamConverterListener::onKernelController". [] []
[2015-02-04 10:21:53] event.DEBUG: Notified event "kernel.controller" to listener "Sensio\Bundle\FrameworkExtraBundle\EventListener\HttpCacheListener::onKernelController". [] []
[2015-02-04 10:21:53] event.DEBUG: Notified event "kernel.controller" to listener "Sensio\Bundle\FrameworkExtraBundle\EventListener\SecurityListener::onKernelController". [] []
[2015-02-04 10:21:53] event.DEBUG: Notified event "kernel.controller" to listener "Sensio\Bundle\FrameworkExtraBundle\EventListener\TemplateListener::onKernelController". [] []
[2015-02-04 10:21:55] event.DEBUG: Notified event "kernel.response" to listener "OC\PlatformBundle\Beta\BetaListener::processBeta". [] []
[2015-02-04 10:21:55] event.DEBUG: Notified event "kernel.response" to listener "Symfony\Component\HttpKernel\EventListener\ResponseListener::onKernelResponse". [] []
[2015-02-04 10:21:55] event.DEBUG: Notified event "kernel.response" to listener "Symfony\Component\Security\Http\RememberMe\ResponseListener::onKernelResponse". [] []
[2015-02-04 10:21:55] event.DEBUG: Notified event "kernel.response" to listener "Sensio\Bundle\FrameworkExtraBundle\EventListener\HttpCacheListener::onKernelResponse". [] []
[2015-02-04 10:21:55] event.DEBUG: Notified event "kernel.response" to listener "Symfony\Component\HttpKernel\EventListener\SaveSessionListener::onKernelResponse". [] []
[2015-02-04 10:21:55] event.DEBUG: Notified event "kernel.response" to listener "Symfony\Component\HttpKernel\EventListener\StreamedResponseListener::onKernelResponse". [] []
[2015-02-04 10:21:55] event.DEBUG: Notified event "kernel.finish_request" to listener "Symfony\Component\HttpKernel\EventListener\LocaleListener::onKernelFinishRequest". [] []
[2015-02-04 10:21:55] event.DEBUG: Notified event "kernel.finish_request" to listener "Symfony\Component\HttpKernel\EventListener\TranslatorListener::onKernelFinishRequest". [] []
[2015-02-04 10:21:55] event.DEBUG: Notified event "kernel.finish_request" to listener "Symfony\Component\HttpKernel\EventListener\RouterListener::onKernelFinishRequest". [] []
[2015-02-04 10:21:55] event.DEBUG: Notified event "kernel.finish_request" to listener "Symfony\Component\Security\Http\Firewall::onKernelFinishRequest". [] []
[2015-02-04 10:21:55] event.DEBUG: Notified event "kernel.exception" to listener "Symfony\Component\HttpKernel\EventListener\ExceptionListener::onKernelException". [] []
[2015-02-04 10:21:55] event.DEBUG: Listener "Symfony\Component\HttpKernel\EventListener\ExceptionListener::onKernelException" stopped propagation of the event "kernel.exception". [] []
[2015-02-04 10:21:55] event.DEBUG: Notified event "kernel.response" to listener "OC\PlatformBundle\Beta\BetaListener::processBeta". [] []
[2015-02-04 10:21:55] event.DEBUG: Notified event "kernel.response" to listener "Symfony\Component\HttpKernel\EventListener\ResponseListener::onKernelResponse". [] []
[2015-02-04 10:21:55] event.DEBUG: Notified event "kernel.response" to listener "Symfony\Component\Security\Http\RememberMe\ResponseListener::onKernelResponse". [] []
[2015-02-04 10:21:55] event.DEBUG: Notified event "kernel.response" to listener "Sensio\Bundle\FrameworkExtraBundle\EventListener\HttpCacheListener::onKernelResponse". [] []
[2015-02-04 10:21:55] event.DEBUG: Notified event "kernel.response" to listener "Symfony\Component\HttpKernel\EventListener\SaveSessionListener::onKernelResponse". [] []
[2015-02-04 10:21:55] event.DEBUG: Notified event "kernel.response" to listener "Symfony\Component\HttpKernel\EventListener\StreamedResponseListener::onKernelResponse". [] []
[2015-02-04 10:21:55] event.DEBUG: Notified event "kernel.finish_request" to listener "Symfony\Component\HttpKernel\EventListener\LocaleListener::onKernelFinishRequest". [] []
[2015-02-04 10:21:55] event.DEBUG: Notified event "kernel.finish_request" to listener "Symfony\Component\HttpKernel\EventListener\TranslatorListener::onKernelFinishRequest". [] []
[2015-02-04 10:21:55] event.DEBUG: Notified event "kernel.finish_request" to listener "Symfony\Component\HttpKernel\EventListener\RouterListener::onKernelFinishRequest". [] []
[2015-02-04 10:21:55] event.DEBUG: Notified event "kernel.finish_request" to listener "Symfony\Component\Security\Http\Firewall::onKernelFinishRequest". [] []
[2015-02-04 10:21:55] event.DEBUG: Notified event "kernel.terminate" to listener "Symfony\Bundle\SwiftmailerBundle\EventListener\EmailSenderListener::onTerminate". [] []
[2015-02-04 10:22:41] request.ERROR: Uncaught PHP Exception Symfony\Component\HttpKernel\Exception\NotFoundHttpException: "No route found for "GET /fr/platfor"" at C:\wamp\www\Symfony\app\cache\prod\classes.php line 2420 {"exception":"[object] (Symfony\\Component\\HttpKernel\\Exception\\NotFoundHttpException(code: 0): No route found for \"GET /fr/platfor\" at C:\\wamp\\www\\Symfony\\app\\cache\\prod\\classes.php:2420, Symfony\\Component\\Routing\\Exception\\ResourceNotFoundException(code: 0):  at C:\\wamp\\www\\Symfony\\app\\cache\\prod\\appProdUrlMatcher.php:227)"} []
[2015-02-04 10:58:26] request.ERROR: Uncaught PHP Exception Symfony\Component\HttpKernel\Exception\NotFoundHttpException: "No route found for "GET /platform" (from "http://localhost/symfony/web/app.php/fr/platform")" at C:\wamp\www\Symfony\app\cache\prod\classes.php line 2420 {"exception":"[object] (Symfony\\Component\\HttpKernel\\Exception\\NotFoundHttpException(code: 0): No route found for \"GET /platform\" (from \"http://localhost/symfony/web/app.php/fr/platform\") at C:\\wamp\\www\\Symfony\\app\\cache\\prod\\classes.php:2420, Symfony\\Component\\Routing\\Exception\\ResourceNotFoundException(code: 0):  at C:\\wamp\\www\\Symfony\\app\\cache\\prod\\appProdUrlMatcher.php:227)"} []
